Build started 9/1/2017 9:57:09 PM.
     1>Project "E:\scratch\cs590cgd\glui-master\msvc\example1.vcxproj" on node 3 (Build target(s)).
     1>C:\Program Files (x86)\MSBuild\Microsoft.Cpp\v4.0\V140\Microsoft.CppBuild.targets(392,5): warning MSB8028: The intermediate directory (DebugDLL\) contains files shared from another project (example2.vcxproj, example3.vcxproj, example4.vcxproj, example5.vcxproj, _gluidll library.vcxproj).  This can lead to incorrect clean and rebuild behavior.
     1>ClCompile:
         E:\Microsoft Visual Studio 14.0\VC\bin\CL.exe /c /IE:\scratch\cs590cgd\freeglut\include /I../include /ZI /nologo /W1 /WX- /Od /Oy- /D GLUI_NO_LIB_PRAGMA /D GLUIDLL /D _MBCS /Gm- /EHsc /MDd /GS /fp:precise /Zc:wchar_t /Zc:forScope /Zc:inline /GR /Fo"DebugDLL\\" /Fd"DebugDLL\example1" /Gd /TP /analyze- /errorReport:prompt ..\example\example1.cpp
         example1.cpp
     1>e:\microsoft visual studio 14.0\vc\include\vector(679): warning C4251: 'std::_Vector_alloc<std::_Vec_base_types<_Ty,_Alloc>>::_Mypair': class 'std::_Compressed_pair<std::_Wrap_alloc<std::allocator<GLUI_String>>,std::_Vector_val<std::_Simple_types<std::basic_string<char,std::char_traits<char>,std::allocator<char>>>>,true>' needs to have dll-interface to be used by clients of class 'std::_Vector_alloc<std::_Vec_base_types<_Ty,_Alloc>>'
                 with
                 [
                     _Ty=GLUI_String,
                     _Alloc=std::allocator<GLUI_String>
                 ]
         e:\scratch\cs590cgd\glui-master\include\gl\glui.h(1627): note: see reference to class template instantiation 'std::vector<GLUI_String,std::allocator<GLUI_String>>' being compiled
     1>C:\Program Files (x86)\MSBuild\Microsoft.Cpp\v4.0\V140\Microsoft.CppBuild.targets(1189,5): warning MSB8012: TargetPath(E:\scratch\cs590cgd\glui-master\msvc\DebugDLL\example1.exe) does not match the Linker's OutputFile property value (E:\scratch\cs590cgd\glui-master\msvc\bin\example1dlld.exe). This may cause your project to build incorrectly. To correct this, please make sure that $(OutDir), $(TargetName) and $(TargetExt) property values match the value specified in %(Link.OutputFile).
     1>C:\Program Files (x86)\MSBuild\Microsoft.Cpp\v4.0\V140\Microsoft.CppBuild.targets(1191,5): warning MSB8012: TargetName(example1) does not match the Linker's OutputFile property value (example1dlld). This may cause your project to build incorrectly. To correct this, please make sure that $(OutDir), $(TargetName) and $(TargetExt) property values match the value specified in %(Link.OutputFile).
       Link:
         E:\Microsoft Visual Studio 14.0\VC\bin\link.exe /ERRORREPORT:PROMPT /OUT:"bin/example1dlld.exe" /NOLOGO /LIBPATH:lib glui32dlld.lib glut32.lib glu32.lib opengl32.lib odbc32.lib odbccp32.lib kernel32.lib user32.lib gdi32.lib winspool.lib comdlg32.lib advapi32.lib shell32.lib ole32.lib oleaut32.lib uuid.lib odbc32.lib odbccp32.lib /MANIFEST /MANIFESTUAC:"level='asInvoker' uiAccess='false'" /manifest:embed /Debug /PDB:"DebugDLL\example1.pdb" /SUBSYSTEM:CONSOLE /TLBID:1 /DYNAMICBASE /NXCOMPAT /IMPLIB:"DebugDLL\example1.lib" /MACHINE:X86 /SAFESEH DebugDLL\example1.obj
     1>LINK : fatal error LNK1104: cannot open file 'glui32dlld.lib'
     1>Done Building Project "E:\scratch\cs590cgd\glui-master\msvc\example1.vcxproj" (Build target(s)) -- FAILED.

Build FAILED.

Time Elapsed 00:00:01.49
