Build started 9/1/2017 9:57:09 PM.
     1>Project "E:\scratch\cs590cgd\glui-master\msvc\gluidll.vcxproj" on node 7 (Build target(s)).
     1>C:\Program Files (x86)\MSBuild\Microsoft.Cpp\v4.0\V140\Microsoft.CppBuild.targets(392,5): warning MSB8028: The intermediate directory (DebugDLL\) contains files shared from another project (example1.vcxproj, example2.vcxproj, example3.vcxproj, example4.vcxproj, example5.vcxproj).  This can lead to incorrect clean and rebuild behavior.
     1>ClCompile:
         E:\Microsoft Visual Studio 14.0\VC\bin\CL.exe /c /IE:\scratch\cs590cgd\freeglut\include /I../include /ZI /nologo /W3 /WX- /Od /Oy- /D WIN32 /D _DEBUG /D _WINDOWS /D _USRDLL /D GLUI_BUILDING_LIB /D GLUIDLL /D _WINDLL /D _MBCS /Gm /EHsc /RTC1 /MDd /GS /fp:precise /Zc:wchar_t /Zc:forScope /Zc:inline /GR /Fo"DebugDLL\\" /Fd"DebugDLL\_gluidll library" /Gd /TP /analyze- /errorReport:prompt ..\algebra3.cpp ..\arcball.cpp ..\glui.cpp ..\glui_add_controls.cpp ..\glui_bitmaps.cpp ..\glui_bitmap_img_data.cpp ..\glui_button.cpp ..\glui_checkbox.cpp ..\glui_column.cpp ..\glui_commandline.cpp ..\glui_control.cpp ..\glui_edittext.cpp ..\glui_filebrowser.cpp ..\glui_list.cpp ..\glui_listbox.cpp ..\glui_mouse_iaction.cpp ..\glui_node.cpp ..\glui_panel.cpp ..\glui_radio.cpp ..\glui_rollout.cpp ..\glui_rotation.cpp ..\glui_scrollbar.cpp ..\glui_separator.cpp ..\glui_spinner.cpp ..\glui_statictext.cpp ..\glui_string.cpp ..\glui_textbox.cpp ..\glui_translation.cpp ..\glui_tree.cpp ..\glui_treepanel.cpp ..\glui_window.cpp ..\quaternion.cpp
         glui_string.cpp
     1>c1xx : fatal error C1083: Cannot open source file: '..\glui_string.cpp': No such file or directory
         glui_bitmap_img_data.cpp
     1>c1xx : fatal error C1083: Cannot open source file: '..\glui_bitmap_img_data.cpp': No such file or directory
         Generating Code...
         Skipping... (no relevant changes detected)
         quaternion.cpp
         glui_window.cpp
         glui_treepanel.cpp
         glui_tree.cpp
         glui_translation.cpp
         glui_textbox.cpp
         glui_statictext.cpp
         glui_spinner.cpp
         glui_separator.cpp
         glui_scrollbar.cpp
         glui_rotation.cpp
         glui_rollout.cpp
         glui_radio.cpp
         glui_panel.cpp
         glui_node.cpp
         glui_mouse_iaction.cpp
         glui_listbox.cpp
         glui_list.cpp
         glui_filebrowser.cpp
         glui_edittext.cpp
         glui_control.cpp
         glui_commandline.cpp
         glui_column.cpp
         glui_checkbox.cpp
         glui_button.cpp
         glui_bitmaps.cpp
         glui_add_controls.cpp
         glui.cpp
         arcball.cpp
         algebra3.cpp
     1>Done Building Project "E:\scratch\cs590cgd\glui-master\msvc\gluidll.vcxproj" (Build target(s)) -- FAILED.

Build FAILED.

Time Elapsed 00:00:00.96
